<?xml version="1.0" encoding="UTF-8"?>
<testsuite xmlns:xsi="http://www.w3.org/2001/XMLSchema-instance" xsi:noNamespaceSchemaLocation="https://maven.apache.org/surefire/maven-surefire-plugin/xsd/surefire-test-report.xsd" name="bankapp.core.AppTest" time="0.001" tests="1" errors="0" skipped="0" failures="0">
  <properties>
    <property name="java.specification.version" value="17"/>
<<<<<<< HEAD
    <property name="sun.cpu.isalist" value="amd64"/>
    <property name="sun.jnu.encoding" value="Cp1252"/>
    <property name="java.class.path" value="C:\Users\alice\OneDrive - NTNU\Studier\Programmering\ITP\gr2315\bankapp\bankapp-core\target\test-classes;C:\Users\alice\OneDrive - NTNU\Studier\Programmering\ITP\gr2315\bankapp\bankapp-core\target\classes;C:\Users\alice\.m2\repository\junit\junit\4.13\junit-4.13.jar;C:\Users\alice\.m2\repository\org\hamcrest\hamcrest-core\1.3\hamcrest-core-1.3.jar;"/>
=======
<<<<<<< HEAD
    <property name="sun.cpu.isalist" value="amd64"/>
    <property name="sun.jnu.encoding" value="Cp1252"/>
    <property name="java.class.path" value="C:\Natha Uni\gr2315\bankapp\bankapp-core\target\test-classes;C:\Natha Uni\gr2315\bankapp\bankapp-core\target\classes;C:\Users\natha\.m2\repository\junit\junit\4.13\junit-4.13.jar;C:\Users\natha\.m2\repository\org\hamcrest\hamcrest-core\1.3\hamcrest-core-1.3.jar;"/>
=======
    <property name="sun.jnu.encoding" value="UTF-8"/>
    <property name="java.class.path" value="/Users/kleincornolis/gr2315/bankapp/bankapp-core/target/test-classes:/Users/kleincornolis/gr2315/bankapp/bankapp-core/target/classes:/Users/kleincornolis/.m2/repository/junit/junit/4.13/junit-4.13.jar:/Users/kleincornolis/.m2/repository/org/hamcrest/hamcrest-core/1.3/hamcrest-core-1.3.jar:"/>
>>>>>>> 9ed985843ee0e22a309d7173f1f048212045bf33
>>>>>>> cfd0458b3134743754ba93e2b5bfb0705b721978
    <property name="java.vm.vendor" value="Eclipse Adoptium"/>
    <property name="sun.arch.data.model" value="64"/>
    <property name="user.variant" value=""/>
    <property name="java.vendor.url" value="https://adoptium.net/"/>
    <property name="user.timezone" value="Europe/Oslo"/>
    <property name="os.name" value="Windows 11"/>
    <property name="java.vm.specification.version" value="17"/>
    <property name="sun.java.launcher" value="SUN_STANDARD"/>
<<<<<<< HEAD
    <property name="user.country" value="US"/>
    <property name="sun.boot.library.path" value="C:\Program Files\Eclipse Adoptium\jdk-17.0.8.7-hotspot\bin"/>
    <property name="sun.java.command" value="C:\Users\natha\AppData\Local\Temp\surefire10938746147365786136\surefirebooter3274629386436640529.jar C:\Users\natha\AppData\Local\Temp\surefire10938746147365786136 2023-09-19T14-05-33_077-jvmRun1 surefire9342109182808996264tmp surefire_016302083552572455621tmp"/>
    <property name="jdk.debug" value="release"/>
    <property name="surefire.test.class.path" value="C:\Natha Uni\gr2315\bankapp\bankapp-core\target\test-classes;C:\Natha Uni\gr2315\bankapp\bankapp-core\target\classes;C:\Users\natha\.m2\repository\junit\junit\4.13\junit-4.13.jar;C:\Users\natha\.m2\repository\org\hamcrest\hamcrest-core\1.3\hamcrest-core-1.3.jar;"/>
    <property name="sun.cpu.endian" value="little"/>
    <property name="user.home" value="C:\Users\natha"/>
    <property name="user.language" value="en"/>
    <property name="java.specification.vendor" value="Oracle Corporation"/>
    <property name="java.version.date" value="2023-07-18"/>
    <property name="java.home" value="C:\Program Files\Eclipse Adoptium\jdk-17.0.8.7-hotspot"/>
    <property name="file.separator" value="\"/>
    <property name="basedir" value="C:\Natha Uni\gr2315\bankapp\bankapp-core"/>
=======
    <property name="user.country" value="NO"/>
    <property name="sun.boot.library.path" value="C:\Program Files\Eclipse Adoptium\jdk-17.0.5.8-hotspot\bin"/>
    <property name="sun.java.command" value="C:\Users\alice\AppData\Local\Temp\surefire451654970776594210\surefirebooter5760825840568038278.jar C:\Users\alice\AppData\Local\Temp\surefire451654970776594210 2023-09-20T16-33-00_408-jvmRun1 surefire2614365191553616715tmp surefire_075545738845913179tmp"/>
    <property name="jdk.debug" value="release"/>
    <property name="surefire.test.class.path" value="C:\Users\alice\OneDrive - NTNU\Studier\Programmering\ITP\gr2315\bankapp\bankapp-core\target\test-classes;C:\Users\alice\OneDrive - NTNU\Studier\Programmering\ITP\gr2315\bankapp\bankapp-core\target\classes;C:\Users\alice\.m2\repository\junit\junit\4.13\junit-4.13.jar;C:\Users\alice\.m2\repository\org\hamcrest\hamcrest-core\1.3\hamcrest-core-1.3.jar;"/>
    <property name="sun.cpu.endian" value="little"/>
    <property name="user.home" value="C:\Users\alice"/>
    <property name="user.language" value="no"/>
    <property name="java.specification.vendor" value="Oracle Corporation"/>
<<<<<<< HEAD
    <property name="java.version.date" value="2022-10-18"/>
    <property name="java.home" value="C:\Program Files\Eclipse Adoptium\jdk-17.0.5.8-hotspot"/>
    <property name="file.separator" value="\"/>
    <property name="basedir" value="C:\Users\alice\OneDrive - NTNU\Studier\Programmering\ITP\gr2315\bankapp\bankapp-core"/>
    <property name="java.vm.compressedOopsMode" value="Zero based"/>
    <property name="line.separator" value="&#10;"/>
=======
    <property name="java.version.date" value="2023-08-24"/>
    <property name="java.home" value="/Library/Java/JavaVirtualMachines/temurin-17.jdk/Contents/Home"/>
    <property name="file.separator" value="/"/>
    <property name="basedir" value="/Users/kleincornolis/gr2315/bankapp/bankapp-core"/>
>>>>>>> 9ed985843ee0e22a309d7173f1f048212045bf33
    <property name="java.vm.compressedOopsMode" value="Zero based"/>
    <property name="line.separator" value="&#10;"/>
    <property name="java.specification.name" value="Java Platform API Specification"/>
<<<<<<< HEAD
    <property name="surefire.real.class.path" value="C:\Users\natha\AppData\Local\Temp\surefire10938746147365786136\surefirebooter3274629386436640529.jar"/>
    <property name="user.script" value=""/>
    <property name="sun.management.compiler" value="HotSpot 64-Bit Tiered Compilers"/>
    <property name="java.runtime.version" value="17.0.8+7"/>
    <property name="user.name" value="natha"/>
    <property name="path.separator" value=";"/>
    <property name="os.version" value="10.0"/>
=======
>>>>>>> cfd0458b3134743754ba93e2b5bfb0705b721978
    <property name="java.vm.specification.vendor" value="Oracle Corporation"/>
    <property name="java.specification.name" value="Java Platform API Specification"/>
    <property name="surefire.real.class.path" value="C:\Users\alice\AppData\Local\Temp\surefire451654970776594210\surefirebooter5760825840568038278.jar"/>
    <property name="user.script" value=""/>
    <property name="sun.management.compiler" value="HotSpot 64-Bit Tiered Compilers"/>
<<<<<<< HEAD
    <property name="java.runtime.version" value="17.0.5+8"/>
    <property name="user.name" value="alice"/>
    <property name="path.separator" value=";"/>
    <property name="os.version" value="10.0"/>
=======
    <property name="ftp.nonProxyHosts" value="local|*.local|169.254/16|*.169.254/16"/>
    <property name="java.runtime.version" value="17.0.8.1+1"/>
    <property name="user.name" value="kleincornolis"/>
    <property name="path.separator" value=":"/>
    <property name="os.version" value="13.5.2"/>
>>>>>>> 9ed985843ee0e22a309d7173f1f048212045bf33
>>>>>>> cfd0458b3134743754ba93e2b5bfb0705b721978
    <property name="java.runtime.name" value="OpenJDK Runtime Environment"/>
    <property name="file.encoding" value="Cp1252"/>
    <property name="java.vm.name" value="OpenJDK 64-Bit Server VM"/>
<<<<<<< HEAD
    <property name="java.vendor.version" value="Temurin-17.0.5+8"/>
    <property name="localRepository" value="C:\Users\alice\.m2\repository"/>
=======
<<<<<<< HEAD
    <property name="java.vendor.version" value="Temurin-17.0.8+7"/>
    <property name="localRepository" value="C:\Users\natha\.m2\repository"/>
    <property name="java.vendor.url.bug" value="https://github.com/adoptium/adoptium-support/issues"/>
    <property name="java.io.tmpdir" value="C:\Users\natha\AppData\Local\Temp\"/>
    <property name="java.version" value="17.0.8"/>
    <property name="user.dir" value="C:\Natha Uni\gr2315\bankapp\bankapp-core"/>
    <property name="os.arch" value="amd64"/>
    <property name="java.vm.specification.name" value="Java Virtual Machine Specification"/>
    <property name="sun.os.patch.level" value=""/>
    <property name="native.encoding" value="Cp1252"/>
    <property name="java.library.path" value="C:\Program Files\Eclipse Adoptium\jdk-17.0.8.7-hotspot\bin;C:\Windows\Sun\Java\bin;C:\Windows\system32;C:\Windows;C:\Program Files\Eclipse Adoptium\jdk-17.0.8.7-hotspot\bin;C:\Windows\system32;C:\Windows;C:\Windows\System32\Wbem;C:\Windows\System32\WindowsPowerShell\v1.0\;C:\Windows\System32\OpenSSH\;C:\Program Files\Git\cmd;C:\Program Files\Git\bin;C:\Users\natha\AppData\Local\Microsoft\WindowsApps;C:\Users\natha\AppData\Local\Programs\Microsoft VS Code\bin;C:\Devtools\apache-maven-3.9.4\bin;;."/>
    <property name="java.vm.info" value="mixed mode, sharing"/>
    <property name="java.vendor" value="Eclipse Adoptium"/>
    <property name="java.vm.version" value="17.0.8+7"/>
    <property name="sun.io.unicode.encoding" value="UnicodeLittle"/>
=======
    <property name="java.vendor.version" value="Temurin-17.0.8.1+1"/>
    <property name="localRepository" value="/Users/kleincornolis/.m2/repository"/>
>>>>>>> cfd0458b3134743754ba93e2b5bfb0705b721978
    <property name="java.vendor.url.bug" value="https://github.com/adoptium/adoptium-support/issues"/>
    <property name="java.io.tmpdir" value="C:\Users\alice\AppData\Local\Temp\"/>
    <property name="java.version" value="17.0.5"/>
    <property name="user.dir" value="C:\Users\alice\OneDrive - NTNU\Studier\Programmering\ITP\gr2315\bankapp\bankapp-core"/>
    <property name="os.arch" value="amd64"/>
    <property name="java.vm.specification.name" value="Java Virtual Machine Specification"/>
    <property name="sun.os.patch.level" value=""/>
    <property name="native.encoding" value="Cp1252"/>
    <property name="java.library.path" value="C:\Program Files\Eclipse Adoptium\jdk-17.0.5.8-hotspot\bin;C:\WINDOWS\Sun\Java\bin;C:\WINDOWS\system32;C:\WINDOWS;C:\Program Files\Eclipse Adoptium\jdk-17.0.5.8-hotspot\bin;C:\Windows\system32;C:\Windows;C:\Windows\System32\Wbem;C:\Windows\System32\WindowsPowerShell\v1.0\;C:\Windows\System32\OpenSSH\;C:\Program Files (x86)\NVIDIA Corporation\PhysX\Common;C:\Program Files\NVIDIA Corporation\NVIDIA NvDLISR;C:\WINDOWS\system32;C:\WINDOWS;C:\WINDOWS\System32\Wbem;C:\WINDOWS\System32\WindowsPowerShell\v1.0\;C:\WINDOWS\System32\OpenSSH\;C:\Program Files\Git\cmd;C:\Program Files\nodejs\;C:\Program Files\Docker\Docker\resources\bin;C:\Users\alice\OneDrive\Skrivebord\apache-maven-3.9.4\bin;C:\Program Files\7-Zip;C:\Users\alice\AppData\Local\Microsoft\WindowsApps;C:\Users\alice\AppData\Local\Programs\Microsoft VS Code\bin;C:\Users\alice\AppData\Local\Microsoft\WindowsApps;C:\Users\alice\AppData\Roaming\npm;C:\Users\alice\AppData\Local\JetBrains\Toolbox\scripts;;."/>
    <property name="java.vm.info" value="mixed mode, sharing"/>
    <property name="java.vendor" value="Eclipse Adoptium"/>
<<<<<<< HEAD
    <property name="java.vm.version" value="17.0.5+8"/>
    <property name="sun.io.unicode.encoding" value="UnicodeLittle"/>
=======
    <property name="java.vm.version" value="17.0.8.1+1"/>
    <property name="sun.io.unicode.encoding" value="UnicodeBig"/>
    <property name="socksNonProxyHosts" value="local|*.local|169.254/16|*.169.254/16"/>
>>>>>>> 9ed985843ee0e22a309d7173f1f048212045bf33
>>>>>>> cfd0458b3134743754ba93e2b5bfb0705b721978
    <property name="java.class.version" value="61.0"/>
  </properties>
  <testcase name="shouldAnswerWithTrue" classname="bankapp.core.AppTest" time="0"/>
</testsuite>