<?xml version="1.0" encoding="UTF-8"?>
<<<<<<< Updated upstream
<testsuite xmlns:xsi="http://www.w3.org/2001/XMLSchema-instance" xsi:noNamespaceSchemaLocation="https://maven.apache.org/surefire/maven-surefire-plugin/xsd/surefire-test-report.xsd" name="ui.AppTest" time="1.519" tests="1" errors="0" skipped="0" failures="0">
  <properties>
    <property name="java.specification.version" value="17"/>
    <property name="sun.jnu.encoding" value="UTF-8"/>
    <property name="java.class.path" value="/Users/kleincornolis/gr2315/bankapp/bankapp-fxui/target/test-classes:/Users/kleincornolis/gr2315/bankapp/bankapp-fxui/target/classes:/Users/kleincornolis/.m2/repository/core/bankapp/bankapp-core/1.0/bankapp-core-1.0.jar:/Users/kleincornolis/.m2/repository/org/openjfx/javafx-controls/17/javafx-controls-17.jar:/Users/kleincornolis/.m2/repository/org/openjfx/javafx-controls/17/javafx-controls-17-mac-aarch64.jar:/Users/kleincornolis/.m2/repository/org/openjfx/javafx-graphics/17/javafx-graphics-17.jar:/Users/kleincornolis/.m2/repository/org/openjfx/javafx-graphics/17/javafx-graphics-17-mac-aarch64.jar:/Users/kleincornolis/.m2/repository/org/openjfx/javafx-base/17/javafx-base-17.jar:/Users/kleincornolis/.m2/repository/org/openjfx/javafx-base/17/javafx-base-17-mac-aarch64.jar:/Users/kleincornolis/.m2/repository/org/openjfx/javafx-fxml/17/javafx-fxml-17.jar:/Users/kleincornolis/.m2/repository/org/openjfx/javafx-fxml/17/javafx-fxml-17-mac-aarch64.jar:/Users/kleincornolis/.m2/repository/org/junit/jupiter/junit-jupiter-api/5.10.0/junit-jupiter-api-5.10.0.jar:/Users/kleincornolis/.m2/repository/org/opentest4j/opentest4j/1.3.0/opentest4j-1.3.0.jar:/Users/kleincornolis/.m2/repository/org/junit/platform/junit-platform-commons/1.10.0/junit-platform-commons-1.10.0.jar:/Users/kleincornolis/.m2/repository/org/apiguardian/apiguardian-api/1.1.2/apiguardian-api-1.1.2.jar:/Users/kleincornolis/.m2/repository/org/junit/jupiter/junit-jupiter-engine/5.10.0/junit-jupiter-engine-5.10.0.jar:/Users/kleincornolis/.m2/repository/org/junit/platform/junit-platform-engine/1.10.0/junit-platform-engine-1.10.0.jar:/Users/kleincornolis/.m2/repository/org/junit/jupiter/junit-jupiter-params/5.10.0/junit-jupiter-params-5.10.0.jar:/Users/kleincornolis/.m2/repository/org/testfx/testfx-core/4.0.16-alpha/testfx-core-4.0.16-alpha.jar:/Users/kleincornolis/.m2/repository/org/hamcrest/hamcrest-core/1.3/hamcrest-core-1.3.jar:/Users/kleincornolis/.m2/repository/org/assertj/assertj-core/3.13.2/assertj-core-3.13.2.jar:/Users/kleincornolis/.m2/repository/org/testfx/testfx-junit5/4.0.16-alpha/testfx-junit5-4.0.16-alpha.jar:/Users/kleincornolis/.m2/repository/org/hamcrest/hamcrest/2.2/hamcrest-2.2.jar:/Users/kleincornolis/.m2/repository/junit/junit/4.13/junit-4.13.jar:"/>
    <property name="java.vm.vendor" value="Eclipse Adoptium"/>
=======
<testsuite xmlns:xsi="http://www.w3.org/2001/XMLSchema-instance" xsi:noNamespaceSchemaLocation="https://maven.apache.org/surefire/maven-surefire-plugin/xsd/surefire-test-report.xsd" name="ui.AppTest" time="4.124" tests="1" errors="0" skipped="0" failures="0">
  <properties>
    <property name="java.specification.version" value="17"/>
    <property name="sun.cpu.isalist" value="amd64"/>
    <property name="sun.jnu.encoding" value="Cp1252"/>
    <property name="java.class.path" value="C:\Users\phivu\Documents\gr2315\bankapp\bankapp-fxui\target\test-classes;C:\Users\phivu\Documents\gr2315\bankapp\bankapp-fxui\target\classes;C:\Users\phivu\Documents\gr2315\bankapp\bankapp-core\target\bankapp-core-1.0.jar;C:\Users\phivu\.m2\repository\org\openjfx\javafx-controls\17\javafx-controls-17.jar;C:\Users\phivu\.m2\repository\org\openjfx\javafx-controls\17\javafx-controls-17-win.jar;C:\Users\phivu\.m2\repository\org\openjfx\javafx-graphics\17\javafx-graphics-17.jar;C:\Users\phivu\.m2\repository\org\openjfx\javafx-graphics\17\javafx-graphics-17-win.jar;C:\Users\phivu\.m2\repository\org\openjfx\javafx-base\17\javafx-base-17.jar;C:\Users\phivu\.m2\repository\org\openjfx\javafx-base\17\javafx-base-17-win.jar;C:\Users\phivu\.m2\repository\org\openjfx\javafx-fxml\17\javafx-fxml-17.jar;C:\Users\phivu\.m2\repository\org\openjfx\javafx-fxml\17\javafx-fxml-17-win.jar;C:\Users\phivu\.m2\repository\org\junit\jupiter\junit-jupiter-api\5.10.0\junit-jupiter-api-5.10.0.jar;C:\Users\phivu\.m2\repository\org\opentest4j\opentest4j\1.3.0\opentest4j-1.3.0.jar;C:\Users\phivu\.m2\repository\org\junit\platform\junit-platform-commons\1.10.0\junit-platform-commons-1.10.0.jar;C:\Users\phivu\.m2\repository\org\apiguardian\apiguardian-api\1.1.2\apiguardian-api-1.1.2.jar;C:\Users\phivu\.m2\repository\org\junit\jupiter\junit-jupiter-engine\5.10.0\junit-jupiter-engine-5.10.0.jar;C:\Users\phivu\.m2\repository\org\junit\platform\junit-platform-engine\1.10.0\junit-platform-engine-1.10.0.jar;C:\Users\phivu\.m2\repository\org\junit\jupiter\junit-jupiter-params\5.10.0\junit-jupiter-params-5.10.0.jar;C:\Users\phivu\.m2\repository\org\testfx\testfx-core\4.0.16-alpha\testfx-core-4.0.16-alpha.jar;C:\Users\phivu\.m2\repository\org\hamcrest\hamcrest-core\1.3\hamcrest-core-1.3.jar;C:\Users\phivu\.m2\repository\org\assertj\assertj-core\3.13.2\assertj-core-3.13.2.jar;C:\Users\phivu\.m2\repository\org\testfx\testfx-junit5\4.0.16-alpha\testfx-junit5-4.0.16-alpha.jar;C:\Users\phivu\.m2\repository\org\hamcrest\hamcrest\2.2\hamcrest-2.2.jar;C:\Users\phivu\.m2\repository\junit\junit\4.13\junit-4.13.jar;"/>
    <property name="java.vm.vendor" value="Oracle Corporation"/>
>>>>>>> Stashed changes
    <property name="sun.arch.data.model" value="64"/>
    <property name="java.vendor.url" value="https://adoptium.net/"/>
    <property name="os.name" value="Mac OS X"/>
    <property name="java.vm.specification.version" value="17"/>
    <property name="sun.java.launcher" value="SUN_STANDARD"/>
<<<<<<< Updated upstream
    <property name="user.country" value="NO"/>
    <property name="sun.boot.library.path" value="/Library/Java/JavaVirtualMachines/temurin-17.jdk/Contents/Home/lib"/>
    <property name="sun.java.command" value="/Users/kleincornolis/gr2315/bankapp/bankapp-fxui/target/surefire/surefirebooter13145324961195297247.jar /Users/kleincornolis/gr2315/bankapp/bankapp-fxui/target/surefire 2023-09-24T14-07-54_034-jvmRun1 surefire12975007718793175104tmp surefire_013819108404494981529tmp"/>
    <property name="http.nonProxyHosts" value="local|*.local|169.254/16|*.169.254/16"/>
    <property name="jdk.debug" value="release"/>
    <property name="surefire.test.class.path" value="/Users/kleincornolis/gr2315/bankapp/bankapp-fxui/target/test-classes:/Users/kleincornolis/gr2315/bankapp/bankapp-fxui/target/classes:/Users/kleincornolis/.m2/repository/core/bankapp/bankapp-core/1.0/bankapp-core-1.0.jar:/Users/kleincornolis/.m2/repository/org/openjfx/javafx-controls/17/javafx-controls-17.jar:/Users/kleincornolis/.m2/repository/org/openjfx/javafx-controls/17/javafx-controls-17-mac-aarch64.jar:/Users/kleincornolis/.m2/repository/org/openjfx/javafx-graphics/17/javafx-graphics-17.jar:/Users/kleincornolis/.m2/repository/org/openjfx/javafx-graphics/17/javafx-graphics-17-mac-aarch64.jar:/Users/kleincornolis/.m2/repository/org/openjfx/javafx-base/17/javafx-base-17.jar:/Users/kleincornolis/.m2/repository/org/openjfx/javafx-base/17/javafx-base-17-mac-aarch64.jar:/Users/kleincornolis/.m2/repository/org/openjfx/javafx-fxml/17/javafx-fxml-17.jar:/Users/kleincornolis/.m2/repository/org/openjfx/javafx-fxml/17/javafx-fxml-17-mac-aarch64.jar:/Users/kleincornolis/.m2/repository/org/junit/jupiter/junit-jupiter-api/5.10.0/junit-jupiter-api-5.10.0.jar:/Users/kleincornolis/.m2/repository/org/opentest4j/opentest4j/1.3.0/opentest4j-1.3.0.jar:/Users/kleincornolis/.m2/repository/org/junit/platform/junit-platform-commons/1.10.0/junit-platform-commons-1.10.0.jar:/Users/kleincornolis/.m2/repository/org/apiguardian/apiguardian-api/1.1.2/apiguardian-api-1.1.2.jar:/Users/kleincornolis/.m2/repository/org/junit/jupiter/junit-jupiter-engine/5.10.0/junit-jupiter-engine-5.10.0.jar:/Users/kleincornolis/.m2/repository/org/junit/platform/junit-platform-engine/1.10.0/junit-platform-engine-1.10.0.jar:/Users/kleincornolis/.m2/repository/org/junit/jupiter/junit-jupiter-params/5.10.0/junit-jupiter-params-5.10.0.jar:/Users/kleincornolis/.m2/repository/org/testfx/testfx-core/4.0.16-alpha/testfx-core-4.0.16-alpha.jar:/Users/kleincornolis/.m2/repository/org/hamcrest/hamcrest-core/1.3/hamcrest-core-1.3.jar:/Users/kleincornolis/.m2/repository/org/assertj/assertj-core/3.13.2/assertj-core-3.13.2.jar:/Users/kleincornolis/.m2/repository/org/testfx/testfx-junit5/4.0.16-alpha/testfx-junit5-4.0.16-alpha.jar:/Users/kleincornolis/.m2/repository/org/hamcrest/hamcrest/2.2/hamcrest-2.2.jar:/Users/kleincornolis/.m2/repository/junit/junit/4.13/junit-4.13.jar:"/>
=======
    <property name="user.country" value="US"/>
    <property name="sun.boot.library.path" value="C:\Program Files\Java\jdk-17\bin"/>
    <property name="sun.java.command" value="C:\Users\phivu\AppData\Local\Temp\surefire5911972472808279817\surefirebooter16965662923411967152.jar C:\Users\phivu\AppData\Local\Temp\surefire5911972472808279817 2023-09-24T14-06-10_162-jvmRun1 surefire10811664218590739283tmp surefire_17439932160184183426tmp"/>
    <property name="jdk.debug" value="release"/>
    <property name="surefire.test.class.path" value="C:\Users\phivu\Documents\gr2315\bankapp\bankapp-fxui\target\test-classes;C:\Users\phivu\Documents\gr2315\bankapp\bankapp-fxui\target\classes;C:\Users\phivu\Documents\gr2315\bankapp\bankapp-core\target\bankapp-core-1.0.jar;C:\Users\phivu\.m2\repository\org\openjfx\javafx-controls\17\javafx-controls-17.jar;C:\Users\phivu\.m2\repository\org\openjfx\javafx-controls\17\javafx-controls-17-win.jar;C:\Users\phivu\.m2\repository\org\openjfx\javafx-graphics\17\javafx-graphics-17.jar;C:\Users\phivu\.m2\repository\org\openjfx\javafx-graphics\17\javafx-graphics-17-win.jar;C:\Users\phivu\.m2\repository\org\openjfx\javafx-base\17\javafx-base-17.jar;C:\Users\phivu\.m2\repository\org\openjfx\javafx-base\17\javafx-base-17-win.jar;C:\Users\phivu\.m2\repository\org\openjfx\javafx-fxml\17\javafx-fxml-17.jar;C:\Users\phivu\.m2\repository\org\openjfx\javafx-fxml\17\javafx-fxml-17-win.jar;C:\Users\phivu\.m2\repository\org\junit\jupiter\junit-jupiter-api\5.10.0\junit-jupiter-api-5.10.0.jar;C:\Users\phivu\.m2\repository\org\opentest4j\opentest4j\1.3.0\opentest4j-1.3.0.jar;C:\Users\phivu\.m2\repository\org\junit\platform\junit-platform-commons\1.10.0\junit-platform-commons-1.10.0.jar;C:\Users\phivu\.m2\repository\org\apiguardian\apiguardian-api\1.1.2\apiguardian-api-1.1.2.jar;C:\Users\phivu\.m2\repository\org\junit\jupiter\junit-jupiter-engine\5.10.0\junit-jupiter-engine-5.10.0.jar;C:\Users\phivu\.m2\repository\org\junit\platform\junit-platform-engine\1.10.0\junit-platform-engine-1.10.0.jar;C:\Users\phivu\.m2\repository\org\junit\jupiter\junit-jupiter-params\5.10.0\junit-jupiter-params-5.10.0.jar;C:\Users\phivu\.m2\repository\org\testfx\testfx-core\4.0.16-alpha\testfx-core-4.0.16-alpha.jar;C:\Users\phivu\.m2\repository\org\hamcrest\hamcrest-core\1.3\hamcrest-core-1.3.jar;C:\Users\phivu\.m2\repository\org\assertj\assertj-core\3.13.2\assertj-core-3.13.2.jar;C:\Users\phivu\.m2\repository\org\testfx\testfx-junit5\4.0.16-alpha\testfx-junit5-4.0.16-alpha.jar;C:\Users\phivu\.m2\repository\org\hamcrest\hamcrest\2.2\hamcrest-2.2.jar;C:\Users\phivu\.m2\repository\junit\junit\4.13\junit-4.13.jar;"/>
>>>>>>> Stashed changes
    <property name="sun.cpu.endian" value="little"/>
    <property name="user.home" value="/Users/kleincornolis"/>
    <property name="user.language" value="nb"/>
    <property name="java.specification.vendor" value="Oracle Corporation"/>
    <property name="java.version.date" value="2023-08-24"/>
    <property name="java.home" value="/Library/Java/JavaVirtualMachines/temurin-17.jdk/Contents/Home"/>
    <property name="file.separator" value="/"/>
    <property name="basedir" value="/Users/kleincornolis/gr2315/bankapp/bankapp-fxui"/>
    <property name="java.vm.compressedOopsMode" value="Zero based"/>
    <property name="line.separator" value="&#10;"/>
    <property name="java.specification.name" value="Java Platform API Specification"/>
<<<<<<< Updated upstream
    <property name="java.vm.specification.vendor" value="Oracle Corporation"/>
    <property name="surefire.real.class.path" value="/Users/kleincornolis/gr2315/bankapp/bankapp-fxui/target/surefire/surefirebooter13145324961195297247.jar"/>
=======
    <property name="surefire.real.class.path" value="C:\Users\phivu\AppData\Local\Temp\surefire5911972472808279817\surefirebooter16965662923411967152.jar"/>
    <property name="user.script" value=""/>
>>>>>>> Stashed changes
    <property name="sun.management.compiler" value="HotSpot 64-Bit Tiered Compilers"/>
    <property name="ftp.nonProxyHosts" value="local|*.local|169.254/16|*.169.254/16"/>
    <property name="java.runtime.version" value="17.0.8.1+1"/>
    <property name="user.name" value="kleincornolis"/>
    <property name="path.separator" value=":"/>
    <property name="os.version" value="13.5.2"/>
    <property name="java.runtime.name" value="OpenJDK Runtime Environment"/>
    <property name="file.encoding" value="US-ASCII"/>
    <property name="java.vm.name" value="OpenJDK 64-Bit Server VM"/>
    <property name="java.vendor.version" value="Temurin-17.0.8.1+1"/>
    <property name="localRepository" value="/Users/kleincornolis/.m2/repository"/>
    <property name="java.vendor.url.bug" value="https://github.com/adoptium/adoptium-support/issues"/>
    <property name="java.io.tmpdir" value="/var/folders/67/yvwt1nc97wsf69kr5gzb27f80000gn/T/"/>
    <property name="java.version" value="17.0.8.1"/>
    <property name="user.dir" value="/Users/kleincornolis/gr2315/bankapp/bankapp-fxui"/>
    <property name="os.arch" value="aarch64"/>
    <property name="java.vm.specification.name" value="Java Virtual Machine Specification"/>
    <property name="native.encoding" value="US-ASCII"/>
    <property name="java.library.path" value="/Users/kleincornolis/Library/Java/Extensions:/Library/Java/Extensions:/Network/Library/Java/Extensions:/System/Library/Java/Extensions:/usr/lib/java:."/>
    <property name="java.vm.info" value="mixed mode"/>
    <property name="java.vendor" value="Eclipse Adoptium"/>
    <property name="java.vm.version" value="17.0.8.1+1"/>
    <property name="sun.io.unicode.encoding" value="UnicodeBig"/>
    <property name="socksNonProxyHosts" value="local|*.local|169.254/16|*.169.254/16"/>
    <property name="java.class.version" value="61.0"/>
  </properties>
<<<<<<< Updated upstream
  <testcase name="testProfileButton" classname="ui.AppTest" time="1.504"/>
=======
  <testcase name="testProfileButton" classname="ui.AppTest" time="4.032"/>
>>>>>>> Stashed changes
</testsuite>