<?xml version="1.0" encoding="UTF-8"?>
<<<<<<< HEAD
<<<<<<< HEAD
<testsuite xmlns:xsi="http://www.w3.org/2001/XMLSchema-instance" xsi:noNamespaceSchemaLocation="https://maven.apache.org/surefire/maven-surefire-plugin/xsd/surefire-test-report.xsd" name="ui.AppTest" time="1.865" tests="1" errors="0" skipped="0" failures="0">
=======
<<<<<<< Updated upstream
<testsuite xmlns:xsi="http://www.w3.org/2001/XMLSchema-instance" xsi:noNamespaceSchemaLocation="https://maven.apache.org/surefire/maven-surefire-plugin/xsd/surefire-test-report.xsd" name="ui.AppTest" time="1.519" tests="1" errors="0" skipped="0" failures="0">
>>>>>>> 65a6514f761857a40dafd87883eea6fdb734bc16
=======
<testsuite xmlns:xsi="http://www.w3.org/2001/XMLSchema-instance" xsi:noNamespaceSchemaLocation="https://maven.apache.org/surefire/maven-surefire-plugin/xsd/surefire-test-report.xsd" name="ui.AppTest" time="1.415" tests="1" errors="0" skipped="0" failures="0">
>>>>>>> 27913f1905522d9be7688804716c16c1276a4afb
  <properties>
    <property name="java.specification.version" value="17"/>
    <property name="sun.cpu.isalist" value="amd64"/>
    <property name="sun.jnu.encoding" value="Cp1252"/>
    <property name="java.class.path" value="C:\Users\alice\OneDrive - NTNU\Studier\Programmering\ITP\gr2315\bankapp\bankapp-fxui\target\test-classes;C:\Users\alice\OneDrive - NTNU\Studier\Programmering\ITP\gr2315\bankapp\bankapp-fxui\target\classes;C:\Users\alice\OneDrive - NTNU\Studier\Programmering\ITP\gr2315\bankapp\bankapp-core\target\classes;C:\Users\alice\.m2\repository\org\openjfx\javafx-controls\17\javafx-controls-17.jar;C:\Users\alice\.m2\repository\org\openjfx\javafx-controls\17\javafx-controls-17-win.jar;C:\Users\alice\.m2\repository\org\openjfx\javafx-graphics\17\javafx-graphics-17.jar;C:\Users\alice\.m2\repository\org\openjfx\javafx-graphics\17\javafx-graphics-17-win.jar;C:\Users\alice\.m2\repository\org\openjfx\javafx-base\17\javafx-base-17.jar;C:\Users\alice\.m2\repository\org\openjfx\javafx-base\17\javafx-base-17-win.jar;C:\Users\alice\.m2\repository\org\openjfx\javafx-fxml\17\javafx-fxml-17.jar;C:\Users\alice\.m2\repository\org\openjfx\javafx-fxml\17\javafx-fxml-17-win.jar;C:\Users\alice\.m2\repository\org\junit\jupiter\junit-jupiter-api\5.10.0\junit-jupiter-api-5.10.0.jar;C:\Users\alice\.m2\repository\org\opentest4j\opentest4j\1.3.0\opentest4j-1.3.0.jar;C:\Users\alice\.m2\repository\org\junit\platform\junit-platform-commons\1.10.0\junit-platform-commons-1.10.0.jar;C:\Users\alice\.m2\repository\org\apiguardian\apiguardian-api\1.1.2\apiguardian-api-1.1.2.jar;C:\Users\alice\.m2\repository\org\junit\jupiter\junit-jupiter-engine\5.10.0\junit-jupiter-engine-5.10.0.jar;C:\Users\alice\.m2\repository\org\junit\platform\junit-platform-engine\1.10.0\junit-platform-engine-1.10.0.jar;C:\Users\alice\.m2\repository\org\junit\jupiter\junit-jupiter-params\5.10.0\junit-jupiter-params-5.10.0.jar;C:\Users\alice\.m2\repository\org\testfx\testfx-core\4.0.16-alpha\testfx-core-4.0.16-alpha.jar;C:\Users\alice\.m2\repository\org\hamcrest\hamcrest-core\1.3\hamcrest-core-1.3.jar;C:\Users\alice\.m2\repository\org\assertj\assertj-core\3.13.2\assertj-core-3.13.2.jar;C:\Users\alice\.m2\repository\org\testfx\testfx-junit5\4.0.16-alpha\testfx-junit5-4.0.16-alpha.jar;C:\Users\alice\.m2\repository\org\hamcrest\hamcrest\2.2\hamcrest-2.2.jar;C:\Users\alice\.m2\repository\junit\junit\4.13\junit-4.13.jar;"/>
    <property name="java.vm.vendor" value="Eclipse Adoptium"/>
    <property name="sun.arch.data.model" value="64"/>
    <property name="user.variant" value=""/>
    <property name="java.vendor.url" value="https://adoptium.net/"/>
    <property name="user.timezone" value="Europe/Oslo"/>
    <property name="os.name" value="Windows 11"/>
    <property name="java.vm.specification.version" value="17"/>
    <property name="sun.java.launcher" value="SUN_STANDARD"/>
    <property name="user.country" value="NO"/>
<<<<<<< HEAD
    <property name="sun.boot.library.path" value="C:\Program Files\Eclipse Adoptium\jdk-17.0.5.8-hotspot\bin"/>
    <property name="sun.java.command" value="C:\Users\alice\AppData\Local\Temp\surefire12461342838855747082\surefirebooter7705743129290790582.jar C:\Users\alice\AppData\Local\Temp\surefire12461342838855747082 2023-09-24T14-59-59_706-jvmRun1 surefire11081977976724042425tmp surefire_15227047540086664130tmp"/>
=======
    <property name="sun.boot.library.path" value="/Library/Java/JavaVirtualMachines/temurin-17.jdk/Contents/Home/lib"/>
    <property name="sun.java.command" value="/Users/kleincornolis/gr2315/bankapp/bankapp-fxui/target/surefire/surefirebooter5285462993062407177.jar /Users/kleincornolis/gr2315/bankapp/bankapp-fxui/target/surefire 2023-09-24T15-04-58_056-jvmRun1 surefire10971987234716146707tmp surefire_010470247705377693447tmp"/>
    <property name="http.nonProxyHosts" value="local|*.local|169.254/16|*.169.254/16"/>
>>>>>>> 27913f1905522d9be7688804716c16c1276a4afb
    <property name="jdk.debug" value="release"/>
<<<<<<< HEAD
    <property name="surefire.test.class.path" value="C:\Users\alice\OneDrive - NTNU\Studier\Programmering\ITP\gr2315\bankapp\bankapp-fxui\target\test-classes;C:\Users\alice\OneDrive - NTNU\Studier\Programmering\ITP\gr2315\bankapp\bankapp-fxui\target\classes;C:\Users\alice\OneDrive - NTNU\Studier\Programmering\ITP\gr2315\bankapp\bankapp-core\target\classes;C:\Users\alice\.m2\repository\org\openjfx\javafx-controls\17\javafx-controls-17.jar;C:\Users\alice\.m2\repository\org\openjfx\javafx-controls\17\javafx-controls-17-win.jar;C:\Users\alice\.m2\repository\org\openjfx\javafx-graphics\17\javafx-graphics-17.jar;C:\Users\alice\.m2\repository\org\openjfx\javafx-graphics\17\javafx-graphics-17-win.jar;C:\Users\alice\.m2\repository\org\openjfx\javafx-base\17\javafx-base-17.jar;C:\Users\alice\.m2\repository\org\openjfx\javafx-base\17\javafx-base-17-win.jar;C:\Users\alice\.m2\repository\org\openjfx\javafx-fxml\17\javafx-fxml-17.jar;C:\Users\alice\.m2\repository\org\openjfx\javafx-fxml\17\javafx-fxml-17-win.jar;C:\Users\alice\.m2\repository\org\junit\jupiter\junit-jupiter-api\5.10.0\junit-jupiter-api-5.10.0.jar;C:\Users\alice\.m2\repository\org\opentest4j\opentest4j\1.3.0\opentest4j-1.3.0.jar;C:\Users\alice\.m2\repository\org\junit\platform\junit-platform-commons\1.10.0\junit-platform-commons-1.10.0.jar;C:\Users\alice\.m2\repository\org\apiguardian\apiguardian-api\1.1.2\apiguardian-api-1.1.2.jar;C:\Users\alice\.m2\repository\org\junit\jupiter\junit-jupiter-engine\5.10.0\junit-jupiter-engine-5.10.0.jar;C:\Users\alice\.m2\repository\org\junit\platform\junit-platform-engine\1.10.0\junit-platform-engine-1.10.0.jar;C:\Users\alice\.m2\repository\org\junit\jupiter\junit-jupiter-params\5.10.0\junit-jupiter-params-5.10.0.jar;C:\Users\alice\.m2\repository\org\testfx\testfx-core\4.0.16-alpha\testfx-core-4.0.16-alpha.jar;C:\Users\alice\.m2\repository\org\hamcrest\hamcrest-core\1.3\hamcrest-core-1.3.jar;C:\Users\alice\.m2\repository\org\assertj\assertj-core\3.13.2\assertj-core-3.13.2.jar;C:\Users\alice\.m2\repository\org\testfx\testfx-junit5\4.0.16-alpha\testfx-junit5-4.0.16-alpha.jar;C:\Users\alice\.m2\repository\org\hamcrest\hamcrest\2.2\hamcrest-2.2.jar;C:\Users\alice\.m2\repository\junit\junit\4.13\junit-4.13.jar;"/>
=======
    <property name="surefire.test.class.path" value="/Users/kleincornolis/gr2315/bankapp/bankapp-fxui/target/test-classes:/Users/kleincornolis/gr2315/bankapp/bankapp-fxui/target/classes:/Users/kleincornolis/.m2/repository/core/bankapp/bankapp-core/1.0/bankapp-core-1.0.jar:/Users/kleincornolis/.m2/repository/org/openjfx/javafx-controls/17/javafx-controls-17.jar:/Users/kleincornolis/.m2/repository/org/openjfx/javafx-controls/17/javafx-controls-17-mac-aarch64.jar:/Users/kleincornolis/.m2/repository/org/openjfx/javafx-graphics/17/javafx-graphics-17.jar:/Users/kleincornolis/.m2/repository/org/openjfx/javafx-graphics/17/javafx-graphics-17-mac-aarch64.jar:/Users/kleincornolis/.m2/repository/org/openjfx/javafx-base/17/javafx-base-17.jar:/Users/kleincornolis/.m2/repository/org/openjfx/javafx-base/17/javafx-base-17-mac-aarch64.jar:/Users/kleincornolis/.m2/repository/org/openjfx/javafx-fxml/17/javafx-fxml-17.jar:/Users/kleincornolis/.m2/repository/org/openjfx/javafx-fxml/17/javafx-fxml-17-mac-aarch64.jar:/Users/kleincornolis/.m2/repository/org/junit/jupiter/junit-jupiter-api/5.10.0/junit-jupiter-api-5.10.0.jar:/Users/kleincornolis/.m2/repository/org/opentest4j/opentest4j/1.3.0/opentest4j-1.3.0.jar:/Users/kleincornolis/.m2/repository/org/junit/platform/junit-platform-commons/1.10.0/junit-platform-commons-1.10.0.jar:/Users/kleincornolis/.m2/repository/org/apiguardian/apiguardian-api/1.1.2/apiguardian-api-1.1.2.jar:/Users/kleincornolis/.m2/repository/org/junit/jupiter/junit-jupiter-engine/5.10.0/junit-jupiter-engine-5.10.0.jar:/Users/kleincornolis/.m2/repository/org/junit/platform/junit-platform-engine/1.10.0/junit-platform-engine-1.10.0.jar:/Users/kleincornolis/.m2/repository/org/junit/jupiter/junit-jupiter-params/5.10.0/junit-jupiter-params-5.10.0.jar:/Users/kleincornolis/.m2/repository/org/testfx/testfx-core/4.0.16-alpha/testfx-core-4.0.16-alpha.jar:/Users/kleincornolis/.m2/repository/org/hamcrest/hamcrest-core/1.3/hamcrest-core-1.3.jar:/Users/kleincornolis/.m2/repository/org/assertj/assertj-core/3.13.2/assertj-core-3.13.2.jar:/Users/kleincornolis/.m2/repository/org/testfx/testfx-junit5/4.0.16-alpha/testfx-junit5-4.0.16-alpha.jar:/Users/kleincornolis/.m2/repository/org/hamcrest/hamcrest/2.2/hamcrest-2.2.jar:/Users/kleincornolis/.m2/repository/junit/junit/4.13/junit-4.13.jar:"/>
<<<<<<< HEAD
=======
    <property name="user.country" value="US"/>
    <property name="sun.boot.library.path" value="C:\Program Files\Java\jdk-17\bin"/>
    <property name="sun.java.command" value="C:\Users\phivu\AppData\Local\Temp\surefire5911972472808279817\surefirebooter16965662923411967152.jar C:\Users\phivu\AppData\Local\Temp\surefire5911972472808279817 2023-09-24T14-06-10_162-jvmRun1 surefire10811664218590739283tmp surefire_17439932160184183426tmp"/>
    <property name="jdk.debug" value="release"/>
    <property name="surefire.test.class.path" value="C:\Users\phivu\Documents\gr2315\bankapp\bankapp-fxui\target\test-classes;C:\Users\phivu\Documents\gr2315\bankapp\bankapp-fxui\target\classes;C:\Users\phivu\Documents\gr2315\bankapp\bankapp-core\target\bankapp-core-1.0.jar;C:\Users\phivu\.m2\repository\org\openjfx\javafx-controls\17\javafx-controls-17.jar;C:\Users\phivu\.m2\repository\org\openjfx\javafx-controls\17\javafx-controls-17-win.jar;C:\Users\phivu\.m2\repository\org\openjfx\javafx-graphics\17\javafx-graphics-17.jar;C:\Users\phivu\.m2\repository\org\openjfx\javafx-graphics\17\javafx-graphics-17-win.jar;C:\Users\phivu\.m2\repository\org\openjfx\javafx-base\17\javafx-base-17.jar;C:\Users\phivu\.m2\repository\org\openjfx\javafx-base\17\javafx-base-17-win.jar;C:\Users\phivu\.m2\repository\org\openjfx\javafx-fxml\17\javafx-fxml-17.jar;C:\Users\phivu\.m2\repository\org\openjfx\javafx-fxml\17\javafx-fxml-17-win.jar;C:\Users\phivu\.m2\repository\org\junit\jupiter\junit-jupiter-api\5.10.0\junit-jupiter-api-5.10.0.jar;C:\Users\phivu\.m2\repository\org\opentest4j\opentest4j\1.3.0\opentest4j-1.3.0.jar;C:\Users\phivu\.m2\repository\org\junit\platform\junit-platform-commons\1.10.0\junit-platform-commons-1.10.0.jar;C:\Users\phivu\.m2\repository\org\apiguardian\apiguardian-api\1.1.2\apiguardian-api-1.1.2.jar;C:\Users\phivu\.m2\repository\org\junit\jupiter\junit-jupiter-engine\5.10.0\junit-jupiter-engine-5.10.0.jar;C:\Users\phivu\.m2\repository\org\junit\platform\junit-platform-engine\1.10.0\junit-platform-engine-1.10.0.jar;C:\Users\phivu\.m2\repository\org\junit\jupiter\junit-jupiter-params\5.10.0\junit-jupiter-params-5.10.0.jar;C:\Users\phivu\.m2\repository\org\testfx\testfx-core\4.0.16-alpha\testfx-core-4.0.16-alpha.jar;C:\Users\phivu\.m2\repository\org\hamcrest\hamcrest-core\1.3\hamcrest-core-1.3.jar;C:\Users\phivu\.m2\repository\org\assertj\assertj-core\3.13.2\assertj-core-3.13.2.jar;C:\Users\phivu\.m2\repository\org\testfx\testfx-junit5\4.0.16-alpha\testfx-junit5-4.0.16-alpha.jar;C:\Users\phivu\.m2\repository\org\hamcrest\hamcrest\2.2\hamcrest-2.2.jar;C:\Users\phivu\.m2\repository\junit\junit\4.13\junit-4.13.jar;"/>
>>>>>>> Stashed changes
>>>>>>> 65a6514f761857a40dafd87883eea6fdb734bc16
=======
>>>>>>> 27913f1905522d9be7688804716c16c1276a4afb
    <property name="sun.cpu.endian" value="little"/>
    <property name="user.home" value="C:\Users\alice"/>
    <property name="user.language" value="no"/>
    <property name="java.specification.vendor" value="Oracle Corporation"/>
    <property name="java.version.date" value="2022-10-18"/>
    <property name="java.home" value="C:\Program Files\Eclipse Adoptium\jdk-17.0.5.8-hotspot"/>
    <property name="file.separator" value="\"/>
    <property name="basedir" value="C:\Users\alice\OneDrive - NTNU\Studier\Programmering\ITP\gr2315\bankapp\bankapp-fxui"/>
    <property name="java.vm.compressedOopsMode" value="Zero based"/>
    <property name="line.separator" value="&#10;"/>
<<<<<<< HEAD
    <property name="java.vm.specification.vendor" value="Oracle Corporation"/>
    <property name="java.specification.name" value="Java Platform API Specification"/>
    <property name="surefire.real.class.path" value="C:\Users\alice\AppData\Local\Temp\surefire12461342838855747082\surefirebooter7705743129290790582.jar"/>
    <property name="user.script" value=""/>
=======
    <property name="java.specification.name" value="Java Platform API Specification"/>
    <property name="java.vm.specification.vendor" value="Oracle Corporation"/>
<<<<<<< HEAD
    <property name="surefire.real.class.path" value="/Users/kleincornolis/gr2315/bankapp/bankapp-fxui/target/surefire/surefirebooter13145324961195297247.jar"/>
=======
    <property name="surefire.real.class.path" value="C:\Users\phivu\AppData\Local\Temp\surefire5911972472808279817\surefirebooter16965662923411967152.jar"/>
    <property name="user.script" value=""/>
>>>>>>> Stashed changes
>>>>>>> 65a6514f761857a40dafd87883eea6fdb734bc16
=======
    <property name="surefire.real.class.path" value="/Users/kleincornolis/gr2315/bankapp/bankapp-fxui/target/surefire/surefirebooter5285462993062407177.jar"/>
>>>>>>> 27913f1905522d9be7688804716c16c1276a4afb
    <property name="sun.management.compiler" value="HotSpot 64-Bit Tiered Compilers"/>
    <property name="java.runtime.version" value="17.0.5+8"/>
    <property name="user.name" value="alice"/>
    <property name="path.separator" value=";"/>
    <property name="os.version" value="10.0"/>
    <property name="java.runtime.name" value="OpenJDK Runtime Environment"/>
    <property name="file.encoding" value="Cp1252"/>
    <property name="java.vm.name" value="OpenJDK 64-Bit Server VM"/>
    <property name="java.vendor.version" value="Temurin-17.0.5+8"/>
    <property name="localRepository" value="C:\Users\alice\.m2\repository"/>
    <property name="java.vendor.url.bug" value="https://github.com/adoptium/adoptium-support/issues"/>
    <property name="java.io.tmpdir" value="C:\Users\alice\AppData\Local\Temp\"/>
    <property name="java.version" value="17.0.5"/>
    <property name="user.dir" value="C:\Users\alice\OneDrive - NTNU\Studier\Programmering\ITP\gr2315\bankapp\bankapp-fxui"/>
    <property name="os.arch" value="amd64"/>
    <property name="java.vm.specification.name" value="Java Virtual Machine Specification"/>
    <property name="sun.os.patch.level" value=""/>
    <property name="native.encoding" value="Cp1252"/>
    <property name="java.library.path" value="C:\Program Files\Eclipse Adoptium\jdk-17.0.5.8-hotspot\bin;C:\WINDOWS\Sun\Java\bin;C:\WINDOWS\system32;C:\WINDOWS;C:\Program Files\Eclipse Adoptium\jdk-17.0.5.8-hotspot\bin;C:\Windows\system32;C:\Windows;C:\Windows\System32\Wbem;C:\Windows\System32\WindowsPowerShell\v1.0\;C:\Windows\System32\OpenSSH\;C:\Program Files (x86)\NVIDIA Corporation\PhysX\Common;C:\Program Files\NVIDIA Corporation\NVIDIA NvDLISR;C:\WINDOWS\system32;C:\WINDOWS;C:\WINDOWS\System32\Wbem;C:\WINDOWS\System32\WindowsPowerShell\v1.0\;C:\WINDOWS\System32\OpenSSH\;C:\Program Files\Git\cmd;C:\Program Files\nodejs\;C:\Program Files\Docker\Docker\resources\bin;C:\Users\alice\OneDrive\Skrivebord\apache-maven-3.9.4\bin;C:\Program Files\7-Zip;C:\Users\alice\AppData\Local\Microsoft\WindowsApps;C:\Users\alice\AppData\Local\Programs\Microsoft VS Code\bin;C:\Users\alice\AppData\Local\Microsoft\WindowsApps;C:\Users\alice\AppData\Roaming\npm;C:\Users\alice\AppData\Local\JetBrains\Toolbox\scripts;;."/>
    <property name="java.vm.info" value="mixed mode, sharing"/>
    <property name="java.vendor" value="Eclipse Adoptium"/>
    <property name="java.vm.version" value="17.0.5+8"/>
    <property name="sun.io.unicode.encoding" value="UnicodeLittle"/>
    <property name="java.class.version" value="61.0"/>
  </properties>
<<<<<<< HEAD
<<<<<<< HEAD
  <testcase name="testProfileButton" classname="ui.AppTest" time="1.799"/>
=======
<<<<<<< Updated upstream
  <testcase name="testProfileButton" classname="ui.AppTest" time="1.504"/>
=======
  <testcase name="testProfileButton" classname="ui.AppTest" time="4.032"/>
>>>>>>> Stashed changes
>>>>>>> 65a6514f761857a40dafd87883eea6fdb734bc16
=======
  <testcase name="testProfileButton" classname="ui.AppTest" time="1.401"/>
>>>>>>> 27913f1905522d9be7688804716c16c1276a4afb
</testsuite>